This is pdfTeX, Version 3.14159265-2.6-1.40.21 (TeX Live 2020/W32TeX) (preloaded format=latex 2021.1.29)  29 MAR 2022 15:16
entering extended mode
 restricted \write18 enabled.
 %&-line parsing enabled.
**skýrsla.tex
(./skýrsla.tex
LaTeX2e <2020-10-01> patch level 4
L3 programming layer <2021-01-09> xparse <2020-03-03>
(c:/Users/Notandi/AppData/Roaming/TinyTeX/texmf-dist/tex/latex/base/article.cls
Document Class: article 2020/04/10 v1.4m Standard LaTeX document class
(c:/Users/Notandi/AppData/Roaming/TinyTeX/texmf-dist/tex/latex/base/size10.clo
File: size10.clo 2020/04/10 v1.4m Standard LaTeX file (size option)
)
\c@part=\count177
\c@section=\count178
\c@subsection=\count179
\c@subsubsection=\count180
\c@paragraph=\count181
\c@subparagraph=\count182
\c@figure=\count183
\c@table=\count184
\abovecaptionskip=\skip47
\belowcaptionskip=\skip48
\bibindent=\dimen138
)
(c:/Users/Notandi/AppData/Roaming/TinyTeX/texmf-dist/tex/generic/babel/babel.st
y
Package: babel 2021/01/26 3.53 The Babel package

(c:/Users/Notandi/AppData/Roaming/TinyTeX/texmf-dist/tex/generic/babel/babel.de
f
File: babel.def 2021/01/26 3.53 Babel common definitions
\babel@savecnt=\count185
\U@D=\dimen139
\l@babelnohyphens=\language3

(c:/Users/Notandi/AppData/Roaming/TinyTeX/texmf-dist/tex/generic/babel/txtbabel
.def)
\bbl@readstream=\read2
)
\bbl@dirlevel=\count186


! Package babel Error: Unknown option `icelandic'. Either you misspelled it
(babel)                or the language definition file icelandic.ldf was not fo
und.

See the babel package documentation for explanation.
Type  H <return>  for immediate help.
 ...                                              
                                                  
l.1120 \ProcessOptions*
                       
Valid options are, among others: shorthands=, KeepShorthandsActive,
activeacute, activegrave, noconfigs, safe=, main=, math=
headfoot=, strings=, config=, hyphenmap=, or a language name.

Package babel Info: You haven't specified a language. I'll use 'nil'
(babel)             as the main language. Reported on input line 1159.
(c:/Users/Notandi/AppData/Roaming/TinyTeX/texmf-dist/tex/generic/babel/nil.ldf
Language: nil 2021/01/26 3.53 Nil language
\l@nil=\language4
))
(c:/Users/Notandi/AppData/Roaming/TinyTeX/texmf-dist/tex/latex/geometry/geometr
y.sty
Package: geometry 2020/01/02 v5.9 Page Geometry

(c:/Users/Notandi/AppData/Roaming/TinyTeX/texmf-dist/tex/latex/graphics/keyval.
sty
Package: keyval 2014/10/28 v1.15 key=value parser (DPC)
\KV@toks@=\toks15
)
(c:/Users/Notandi/AppData/Roaming/TinyTeX/texmf-dist/tex/generic/iftex/ifvtex.s
ty
Package: ifvtex 2019/10/25 v1.7 ifvtex legacy package. Use iftex instead.

(c:/Users/Notandi/AppData/Roaming/TinyTeX/texmf-dist/tex/generic/iftex/iftex.st
y
Package: iftex 2020/03/06 v1.0d TeX engine tests
))
\Gm@cnth=\count187
\Gm@cntv=\count188
\c@Gm@tempcnt=\count189
\Gm@bindingoffset=\dimen140
\Gm@wd@mp=\dimen141
\Gm@odd@mp=\dimen142
\Gm@even@mp=\dimen143
\Gm@layoutwidth=\dimen144
\Gm@layoutheight=\dimen145
\Gm@layouthoffset=\dimen146
\Gm@layoutvoffset=\dimen147
\Gm@dimlist=\toks16
)

! LaTeX Error: File `multirow.sty' not found.

Type X to quit or <RETURN> to proceed,
or enter new name. (Default extension: sty)

Enter file name: 
! Emergency stop.
<read *> 
         
l.5 \usepackage
               [utf8]{inputenc}^^M
*** (cannot \read from terminal in nonstop modes)

 
Here is how much of TeX's memory you used:
 1481 strings out of 481253
 20926 string characters out of 5913891
 313211 words of memory out of 5000000
 18480 multiletter control sequences out of 15000+600000
 403430 words of font info for 27 fonts, out of 8000000 for 9000
 14 hyphenation exceptions out of 8191
 68i,0n,74p,157b,36s stack positions out of 5000i,500n,10000p,200000b,80000s
No pages of output.
